<?xml version="1.0" encoding="UTF-8"?>
<!-- Generated by org.testng.reporters.JUnitReportReporter -->
<testsuite hostname="LAPTOP-EQOIFU5J" failures="0" tests="1" name="testing.Flurn_HomepageLogin" time="3.394" errors="0" timestamp="2025-02-24T15:08:22 IST" skipped="0">
  <testcase classname="testing.Flurn_HomepageLogin" name="Login" time="3.394"/>
  <system-out/>
</testsuite> <!-- testing.Flurn_HomepageLogin -->
